
> @neuroclash/frontend@0.0.0 dev
> vite --host 127.0.0.1 --port 5173


  VITE v7.1.6  ready in 613 ms

  ➜  Local:   http://127.0.0.1:5173/
12:46:51 AM [vite] (client) hmr update /src/App.tsx
12:46:51 AM [vite] Internal server error: Failed to resolve import "ethers" from "src/components/WalletPanel.tsx". Does the file exist?
  Plugin: vite:import-analysis
  File: /Users/rhychaw/projects/NeuroClash/frontend/src/components/WalletPanel.tsx:4:23
  4  |  import addresses from "../contracts/addresses.json";
  5  |  import FighterBrainAbi from "../contracts/FighterBrain.json";
  6  |  import { ethers } from "ethers";
     |                          ^
  7  |  export function WalletPanel() {
  8  |    _s();
      at TransformPluginContext._formatLog (file:///Users/rhychaw/projects/NeuroClash/frontend/node_modules/vite/dist/node/chunks/dep-D5b0Zz6C.js:31185:43)
      at TransformPluginContext.error (file:///Users/rhychaw/projects/NeuroClash/frontend/node_modules/vite/dist/node/chunks/dep-D5b0Zz6C.js:31182:14)
      at normalizeUrl (file:///Users/rhychaw/projects/NeuroClash/frontend/node_modules/vite/dist/node/chunks/dep-D5b0Zz6C.js:29665:18)
      at process.processTicksAndRejections (node:internal/process/task_queues:105:5)
      at async file:///Users/rhychaw/projects/NeuroClash/frontend/node_modules/vite/dist/node/chunks/dep-D5b0Zz6C.js:29723:32
      at async Promise.all (index 4)
      at async TransformPluginContext.transform (file:///Users/rhychaw/projects/NeuroClash/frontend/node_modules/vite/dist/node/chunks/dep-D5b0Zz6C.js:29691:4)
      at async EnvironmentPluginContainer.transform (file:///Users/rhychaw/projects/NeuroClash/frontend/node_modules/vite/dist/node/chunks/dep-D5b0Zz6C.js:30984:14)
      at async loadAndTransform (file:///Users/rhychaw/projects/NeuroClash/frontend/node_modules/vite/dist/node/chunks/dep-D5b0Zz6C.js:26116:26)
12:46:51 AM [vite] (client) Pre-transform error: Failed to resolve import "ethers" from "src/components/WalletPanel.tsx". Does the file exist?
  Plugin: vite:import-analysis
  File: /Users/rhychaw/projects/NeuroClash/frontend/src/components/WalletPanel.tsx:4:23
  4  |  import addresses from "../contracts/addresses.json";
  5  |  import FighterBrainAbi from "../contracts/FighterBrain.json";
  6  |  import { ethers } from "ethers";
     |                          ^
  7  |  export function WalletPanel() {
  8  |    _s();
12:47:05 AM [vite] (client) hmr update /src/App.tsx
12:47:05 AM [vite] (client) hmr update /src/App.tsx
12:47:05 AM [vite] (client) ✨ new dependencies optimized: ethers
12:47:05 AM [vite] (client) ✨ optimized dependencies changed. reloading
